<?xml version="1.0" encoding="UTF-8"?>
<!-- Generated by org.testng.reporters.JUnitReportReporter -->
<testsuite skipped="0" hostname="IB-Pune-PC-077" name="test.twitter.api.automation.DeleteTweets" tests="1" failures="0" timestamp="01 Feb 2019 07:56:50 GMT" time="2.918" errors="0">
  <testcase name="DeleteTweet" time="2.918" classname="test.twitter.api.automation.DeleteTweets"/>
</testsuite> <!-- test.twitter.api.automation.DeleteTweets -->
