<?xml version="1.0" encoding="UTF-8"?>
<!-- Generated by org.testng.reporters.JUnitReportReporter -->
<testsuite skipped="0" hostname="IB-Pune-PC-077" name="test.twitter.api.automation.PostTweets" tests="1" failures="0" timestamp="01 Feb 2019 07:51:35 GMT" time="8.194" errors="0">
  <testcase name="createTweet" time="8.194" classname="test.twitter.api.automation.PostTweets"/>
</testsuite> <!-- test.twitter.api.automation.PostTweets -->
