<?xml version="1.0" encoding="UTF-8"?>
<!-- Generated by org.testng.reporters.JUnitReportReporter -->
<testsuite skipped="0" hostname="IB-Pune-PC-077" name="test.twitter.api.automation.GetTweets" tests="1" failures="0" timestamp="01 Feb 2019 07:52:21 GMT" time="3.689" errors="0">
  <testcase name="getLatestTweet" time="3.689" classname="test.twitter.api.automation.GetTweets"/>
</testsuite> <!-- test.twitter.api.automation.GetTweets -->
